<?xml version="1.0" encoding="UTF-8"?>
<Site BuildName="(empty)"
	BuildStamp="20240408-1415-Experimental"
	Name="(empty)"
	Generator="ctest-3.22.1"
	CompilerName=""
	CompilerVersion=""
	OSName="Linux"
	Hostname="new-vm4"
	OSRelease="6.5.0-26-generic"
	OSVersion="#26~22.04.1-Ubuntu SMP PREEMPT_DYNAMIC Tue Mar 12 10:22:43 UTC 2"
	OSPlatform="x86_64"
	Is64Bits="1"
	VendorString="GenuineIntel"
	VendorID="Intel Corporation"
	FamilyID="6"
	ModelID="140"
	ProcessorCacheSize="12288"
	NumberOfLogicalCPU="3"
	NumberOfPhysicalCPU="3"
	TotalVirtualMemory="2047"
	TotalPhysicalMemory="8828"
	LogicalProcessorsPerPhysical="1"
	ProcessorClockFrequency="3302.4"
	>
	<Testing>
		<StartDateTime>Apr 08 16:15 CEST</StartDateTime>
		<StartTestTime>1712585727</StartTestTime>
		<TestList/>
		<EndDateTime>Apr 08 16:15 CEST</EndDateTime>
		<EndTestTime>1712585727</EndTestTime>
		<ElapsedMinutes>0</ElapsedMinutes>
	</Testing>
</Site>
